<?xml version="1.0" encoding="UTF-8"?>
<Site BuildName="(empty)"
	BuildStamp="20250131-0304-Experimental"
	Name="rc0"
	Generator="ctest-3.16.3"
	CompilerName="/usr/bin/c++"
	CompilerVersion="9.4.0"
	OSName="Linux"
	Hostname="rc0"
	OSRelease="5.15.0-91-generic"
	OSVersion="#101~20.04.1-Ubuntu SMP Thu Nov 16 14:22:28 UTC 2023"
	OSPlatform="x86_64"
	Is64Bits="1"
	VendorString="GenuineIntel"
	VendorID="Intel Corporation"
	FamilyID="6"
	ModelID="140"
	ProcessorCacheSize="12288"
	NumberOfLogicalCPU="8"
	NumberOfPhysicalCPU="4"
	TotalVirtualMemory="2047"
	TotalPhysicalMemory="15635"
	LogicalProcessorsPerPhysical="2"
	ProcessorClockFrequency="4073.53"
	>
	<Testing>
		<StartDateTime>Jan 31 21:52 CST</StartDateTime>
		<StartTestTime>1738331546</StartTestTime>
		<TestList/>
		<EndDateTime>Jan 31 21:52 CST</EndDateTime>
		<EndTestTime>1738331546</EndTestTime>
		<ElapsedMinutes>0</ElapsedMinutes>
	</Testing>
</Site>
